
2017-09-15 18:53:50 INFO  [main]: Connection - connection established
2017-09-15 18:53:50 INFO  [main]: Connection - connection established
2017-09-15 18:53:50 ERROR [main]: Error in method 'getTaskByWorker'! 
2017-09-15 19:16:03 INFO  [main]: Connection - connection established
2017-09-15 19:16:03 INFO  [main]: Connection - connection established
2017-09-15 19:16:03 ERROR [main]: Error in method 'createNewWorker'! 
2017-09-15 19:22:00 INFO  [main]: Connection - connection established
2017-09-15 19:22:00 INFO  [main]: Connection - connection established
2017-09-15 19:22:00 INFO  [main]: Worker ( id : 5, surname : sdasad, name : sda, position : dsadada, department : 3)
2017-09-15 19:23:01 INFO  [main]: Connection - connection established
2017-09-15 19:23:01 INFO  [main]: Connection - connection established
2017-09-15 19:25:50 INFO  [main]: Connection - connection established
2017-09-15 19:25:50 INFO  [main]: Connection - connection established
2017-09-15 19:25:50 INFO  [main]: Worker with id 5 deleted
2017-09-15 19:50:09 INFO  [main]: Connection - connection established
2017-09-15 19:50:09 INFO  [main]: Connection - connection established
2017-09-15 19:50:09 INFO  [main]: Task ( id : 5, exercise : asdasda, worker id : 3)
2017-09-15 19:51:50 INFO  [main]: Connection - connection established
2017-09-15 19:51:50 INFO  [main]: Connection - connection established
2017-09-15 19:51:50 INFO  [main]: Task ( id : 2, exercise: buy items)
2017-09-15 19:52:51 INFO  [main]: Connection - connection established
2017-09-15 19:52:51 INFO  [main]: Connection - connection established
2017-09-15 19:52:51 ERROR [main]: Error in method 'getTaskByWorker'! 
2017-09-15 19:53:19 INFO  [main]: Connection - connection established
2017-09-15 19:53:19 INFO  [main]: Connection - connection established
2017-09-15 19:53:19 INFO  [main]: Task ( id : 2, exercise: buy items)
2017-09-15 19:58:12 INFO  [main]: Connection - connection established
2017-09-15 19:58:12 INFO  [main]: Connection - connection established
2017-09-15 19:58:12 INFO  [main]: Connection - connection established
2017-09-15 19:58:12 ERROR [main]: Error in method 'getWorkerByDepartment'! 
2017-09-15 19:58:48 INFO  [main]: Connection - connection established
2017-09-15 19:58:48 INFO  [main]: Connection - connection established
2017-09-15 19:58:48 INFO  [main]: Connection - connection established
2017-09-15 19:58:48 ERROR [main]: Error in method 'getWorkerByDepartment'! 
2017-09-15 19:59:44 INFO  [main]: Connection - connection established
2017-09-15 19:59:44 INFO  [main]: Connection - connection established
2017-09-15 19:59:44 INFO  [main]: Connection - connection established
